<?xml version="1.0" encoding="UTF-8"?>
<!-- Generated by org.testng.reporters.JUnitXMLReporter -->
<testsuite ignored="0" hostname="Krishna" failures="0" tests="5" name="Default test" time="143.762" errors="0" timestamp="2024-07-17T22:43:41 IST">
  <testcase classname="com.tutorialsninjauat.testcase.Login" name="VeriyLoginWithValidEmaiAndPassword" time="1.781"/>
  <testcase classname="com.tutorialsninjauat.testcase.Login" name="VerifyLoginWithInvalidEmailANDInvalidPassword" time="2.248"/>
  <testcase classname="com.tutorialsninjauat.testcase.Login" name="VerifyLoginWithInvalidEmaiAndValidPassword" time="2.262"/>
  <testcase classname="com.tutorialsninjauat.testcase.Login" name="VerifyLoginWithValidEmailAndInvalidPassword" time="1.368"/>
  <testcase classname="com.tutorialsninjauat.testcase.Login" name="VerifyLoginWithoutEmailAndPassword" time="1.883"/>
</testsuite> <!-- Default test -->
