<?xml version="1.0" encoding="UTF-8"?>
<testng-results ignored="0" total="5" passed="5" failed="0" skipped="0">
  <reporter-output>
  </reporter-output>
  <suite started-at="2024-07-17T22:41:17 IST" name="Default suite" finished-at="2024-07-17T22:43:41 IST" duration-ms="143762">
    <groups>
    </groups>
    <test started-at="2024-07-17T22:41:17 IST" name="Default test" finished-at="2024-07-17T22:43:41 IST" duration-ms="143762">
      <class name="com.tutorialsninjauat.testcase.Login">
        <test-method is-config="true" signature="setUp()[pri:0, instance:com.tutorialsninjauat.testcase.Login@6cf0e0ba]" started-at="2024-07-17T22:41:17 IST" name="setUp" finished-at="2024-07-17T22:42:20 IST" duration-ms="62713" status="PASS">
          <reporter-output>
          </reporter-output>
        </test-method> <!-- setUp -->
        <test-method signature="VeriyLoginWithValidEmaiAndPassword()[pri:1, instance:com.tutorialsninjauat.testcase.Login@6cf0e0ba]" started-at="2024-07-17T22:42:20 IST" name="VeriyLoginWithValidEmaiAndPassword" finished-at="2024-07-17T22:42:22 IST" duration-ms="1781" status="PASS">
          <reporter-output>
          </reporter-output>
        </test-method> <!-- VeriyLoginWithValidEmaiAndPassword -->
        <test-method is-config="true" signature="tearDown()[pri:0, instance:com.tutorialsninjauat.testcase.Login@6cf0e0ba]" started-at="2024-07-17T22:42:22 IST" name="tearDown" finished-at="2024-07-17T22:42:23 IST" duration-ms="1441" status="PASS">
          <reporter-output>
          </reporter-output>
        </test-method> <!-- tearDown -->
        <test-method is-config="true" signature="setUp()[pri:0, instance:com.tutorialsninjauat.testcase.Login@6cf0e0ba]" started-at="2024-07-17T22:42:23 IST" name="setUp" finished-at="2024-07-17T22:42:29 IST" duration-ms="5354" status="PASS">
          <reporter-output>
          </reporter-output>
        </test-method> <!-- setUp -->
        <test-method signature="VerifyLoginWithInvalidEmailANDInvalidPassword()[pri:2, instance:com.tutorialsninjauat.testcase.Login@6cf0e0ba]" started-at="2024-07-17T22:42:29 IST" name="VerifyLoginWithInvalidEmailANDInvalidPassword" finished-at="2024-07-17T22:42:31 IST" duration-ms="2248" status="PASS">
          <reporter-output>
          </reporter-output>
        </test-method> <!-- VerifyLoginWithInvalidEmailANDInvalidPassword -->
        <test-method is-config="true" signature="tearDown()[pri:0, instance:com.tutorialsninjauat.testcase.Login@6cf0e0ba]" started-at="2024-07-17T22:42:31 IST" name="tearDown" finished-at="2024-07-17T22:42:32 IST" duration-ms="1478" status="PASS">
          <reporter-output>
          </reporter-output>
        </test-method> <!-- tearDown -->
        <test-method is-config="true" signature="setUp()[pri:0, instance:com.tutorialsninjauat.testcase.Login@6cf0e0ba]" started-at="2024-07-17T22:42:32 IST" name="setUp" finished-at="2024-07-17T22:42:49 IST" duration-ms="16573" status="PASS">
          <reporter-output>
          </reporter-output>
        </test-method> <!-- setUp -->
        <test-method signature="VerifyLoginWithInvalidEmaiAndValidPassword()[pri:3, instance:com.tutorialsninjauat.testcase.Login@6cf0e0ba]" started-at="2024-07-17T22:42:49 IST" name="VerifyLoginWithInvalidEmaiAndValidPassword" finished-at="2024-07-17T22:42:51 IST" duration-ms="2262" status="PASS">
          <reporter-output>
          </reporter-output>
        </test-method> <!-- VerifyLoginWithInvalidEmaiAndValidPassword -->
        <test-method is-config="true" signature="tearDown()[pri:0, instance:com.tutorialsninjauat.testcase.Login@6cf0e0ba]" started-at="2024-07-17T22:42:51 IST" name="tearDown" finished-at="2024-07-17T22:42:53 IST" duration-ms="1466" status="PASS">
          <reporter-output>
          </reporter-output>
        </test-method> <!-- tearDown -->
        <test-method is-config="true" signature="setUp()[pri:0, instance:com.tutorialsninjauat.testcase.Login@6cf0e0ba]" started-at="2024-07-17T22:42:53 IST" name="setUp" finished-at="2024-07-17T22:43:19 IST" duration-ms="25945" status="PASS">
          <reporter-output>
          </reporter-output>
        </test-method> <!-- setUp -->
        <test-method signature="VerifyLoginWithValidEmailAndInvalidPassword()[pri:4, instance:com.tutorialsninjauat.testcase.Login@6cf0e0ba]" started-at="2024-07-17T22:43:19 IST" name="VerifyLoginWithValidEmailAndInvalidPassword" finished-at="2024-07-17T22:43:20 IST" duration-ms="1368" status="PASS">
          <reporter-output>
          </reporter-output>
        </test-method> <!-- VerifyLoginWithValidEmailAndInvalidPassword -->
        <test-method is-config="true" signature="tearDown()[pri:0, instance:com.tutorialsninjauat.testcase.Login@6cf0e0ba]" started-at="2024-07-17T22:43:20 IST" name="tearDown" finished-at="2024-07-17T22:43:22 IST" duration-ms="1663" status="PASS">
          <reporter-output>
          </reporter-output>
        </test-method> <!-- tearDown -->
        <test-method is-config="true" signature="setUp()[pri:0, instance:com.tutorialsninjauat.testcase.Login@6cf0e0ba]" started-at="2024-07-17T22:43:22 IST" name="setUp" finished-at="2024-07-17T22:43:38 IST" duration-ms="16005" status="PASS">
          <reporter-output>
          </reporter-output>
        </test-method> <!-- setUp -->
        <test-method signature="VerifyLoginWithoutEmailAndPassword()[pri:5, instance:com.tutorialsninjauat.testcase.Login@6cf0e0ba]" started-at="2024-07-17T22:43:38 IST" name="VerifyLoginWithoutEmailAndPassword" finished-at="2024-07-17T22:43:39 IST" duration-ms="1883" status="PASS">
          <reporter-output>
          </reporter-output>
        </test-method> <!-- VerifyLoginWithoutEmailAndPassword -->
        <test-method is-config="true" signature="tearDown()[pri:0, instance:com.tutorialsninjauat.testcase.Login@6cf0e0ba]" started-at="2024-07-17T22:43:39 IST" name="tearDown" finished-at="2024-07-17T22:43:41 IST" duration-ms="1440" status="PASS">
          <reporter-output>
          </reporter-output>
        </test-method> <!-- tearDown -->
      </class> <!-- com.tutorialsninjauat.testcase.Login -->
    </test> <!-- Default test -->
  </suite> <!-- Default suite -->
</testng-results>
